22.01.2024 - 11:13:38 - [TAB v4.1.2] Something just tried to add player Suvrajit into team collideRule_-951 (expected team: 7SuvrajitA)
22.01.2024 - 11:16:16 - [TAB v4.1.2] Something just tried to add player eagledares1 into team collideRule_-951 (expected team: 7eagledares1A)
22.01.2024 - 12:25:40 - [TAB v4.1.2] Something just tried to add player Suvrajit into team collideRule_-442 (expected team: 7SuvrajitA)
22.01.2024 - 12:35:34 - [TAB v4.1.2] Something just tried to add player Suvrajit into team collideRule_4619 (expected team: 7SuvrajitA)
22.01.2024 - 12:43:36 - [TAB v4.1.2] Something just tried to add player rt560 into team collideRule_4619 (expected team: 6rt560A)
22.01.2024 - 12:46:35 - [TAB v4.1.2] Something just tried to add player eagledares1 into team collideRule_4619 (expected team: 7eagledares1A)
22.01.2024 - 12:57:40 - [TAB v4.1.2] Something just tried to add player Suvrajit into team collideRule_1468 (expected team: 7SuvrajitA)
22.01.2024 - 13:02:55 - [TAB v4.1.2] Something just tried to add player Suvrajit into team collideRule_-343 (expected team: 7SuvrajitA)
22.01.2024 - 13:11:55 - [TAB v4.1.2] Something just tried to add player Suvrajit into team collideRule_1281 (expected team: 7SuvrajitA)
22.01.2024 - 13:13:38 - [TAB v4.1.2] Something just tried to add player Suvrajit into team collideRule_-186 (expected team: 7SuvrajitA)
22.01.2024 - 13:23:18 - [TAB v4.1.2] Something just tried to add player Suvrajit into team collideRule_-131 (expected team: 6SuvrajitA)
22.01.2024 - 13:33:57 - [TAB v4.1.2] Something just tried to add player eagledares1 into team collideRule_-131 (expected team: 6eagledares1A)
22.01.2024 - 13:39:02 - [TAB v4.1.2] Something just tried to add player rt560 into team collideRule_-131 (expected team: 6rt560A)
22.01.2024 - 13:50:09 - [TAB v4.1.2] Something just tried to add player eagledares1 into team collideRule_-813 (expected team: 7eagledares1A)
22.01.2024 - 13:50:49 - [TAB v4.1.2] Something just tried to add player Suvrajit into team collideRule_-813 (expected team: 7SuvrajitA)
22.01.2024 - 14:28:41 - [TAB v4.1.2] Something just tried to add player eagledares1 into team collideRule_-113 (expected team: 7eagledares1A)
22.01.2024 - 14:33:37 - [TAB v4.1.2] Something just tried to add player Suvrajit into team collideRule_5303 (expected team: 7SuvrajitA)
22.01.2024 - 15:30:50 - [TAB v4.1.2] Something just tried to add player Suvrajit into team collideRule_3466 (expected team: 7SuvrajitA)
22.01.2024 - 15:50:13 - [TAB v4.1.2] Something just tried to add player Suvrajit into team collideRule_-135 (expected team: 7SuvrajitA)
23.01.2024 - 15:12:11 - [TAB v4.1.2] Something just tried to add player Suvrajit into team collideRule_-141 (expected team: 7SuvrajitA)
27.01.2024 - 16:53:22 - [TAB v4.1.2] Something just tried to add player Suvrajit into team collideRule_-145 (expected team: 7SuvrajitA)
28.01.2024 - 09:03:51 - [TAB v4.1.2] Something just tried to add player Suvrajit into team collideRule_-975 (expected team: 7SuvrajitA)
28.01.2024 - 09:08:07 - [TAB v4.1.2] Something just tried to add player Suvrajit into team collideRule_1105 (expected team: 7SuvrajitA)
28.01.2024 - 10:29:47 - [TAB v4.1.2] Something just tried to add player Suvrajit into team collideRule_-164 (expected team: 7SuvrajitA)
01.02.2024 - 09:21:38 - [TAB v4.1.2] Something just tried to add player Suvrajit into team collideRule_2229 (expected team: 7SuvrajitA)
01.02.2024 - 09:33:30 - [TAB v4.1.2] Something just tried to add player Suvrajit into team collideRule_7725 (expected team: 7SuvrajitA)
01.02.2024 - 10:00:20 - [TAB v4.1.2] Something just tried to add player rt560 into team collideRule_7725 (expected team: 6rt560A)
01.02.2024 - 10:24:59 - [TAB v4.1.2] Something just tried to add player Suvrajit into team collideRule_-161 (expected team: 7SuvrajitA)
01.02.2024 - 10:39:37 - [TAB v4.1.2] Something just tried to add player Suvrajit into team collideRule_-667 (expected team: 7SuvrajitA)
